<?xml version="1.0" encoding="UTF-8"?>
<robot generator="Robot 5.0 (Python 3.10.2 on win32)" generated="20220510 12:14:38.593" rpa="false" schemaversion="3">
<suite id="s1" name="Verify Valid Credential Suite" source="D:\OrangeHR-Automation\LoginSuite\verify_valid_credential_suite.robot">
<test id="s1-t1" name="Tc1" line="10">
<kw name="launch Browser" library="CommonFunctionality" type="SETUP">
<kw name="Append To Environment Variable" library="OperatingSystem">
<arg>path</arg>
<arg>${EXECDIR}${/}driver</arg>
<doc>Appends given ``values`` to environment variable ``name``.</doc>
<msg timestamp="20220510 12:14:39.577" level="INFO">Environment variable 'path' set to value 'C:\Program Files\Common Files\Oracle\Java\javapath;C:\Program Files (x86)\VMware\VMware Workstation\bin\;C:\WINDOWS\system32;C:\WINDOWS;C:\WINDOWS\System32\Wbem;C:\WINDOWS\System32\WindowsPowerShell\v1.0\;C:\WINDOWS\System32\OpenSSH\;C:\Program Files\Git\cmd;C;C;C:\Users\User\OneDrive\Desktop\Python\Scripts\;C:\Users\User\OneDrive\Desktop\Python\;C:\Users\User\AppData\Local\Microsoft\WindowsApps;;C:\Users\User\AppData\Local\Programs\Microsoft VS Code\bin;D:\OrangeHR-Automation\driver'.</msg>
<status status="PASS" starttime="20220510 12:14:39.577" endtime="20220510 12:14:39.577"/>
</kw>
<kw name="Open Browser" library="SeleniumLibrary">
<arg>browser=${Browser}</arg>
<doc>Opens a new browser instance to the optional ``url``.</doc>
<msg timestamp="20220510 12:14:39.577" level="INFO">Opening browser 'chrome' to base url 'None'.</msg>
<status status="PASS" starttime="20220510 12:14:39.577" endtime="20220510 12:14:41.670"/>
</kw>
<kw name="Maximize Browser Window" library="SeleniumLibrary">
<doc>Maximizes current browser window.</doc>
<status status="PASS" starttime="20220510 12:14:41.671" endtime="20220510 12:14:41.791"/>
</kw>
<kw name="Set Selenium Implicit Wait" library="SeleniumLibrary">
<arg>30s</arg>
<doc>Sets the implicit wait value used by Selenium.</doc>
<status status="PASS" starttime="20220510 12:14:41.791" endtime="20220510 12:14:41.791"/>
</kw>
<kw name="Set Screenshot Directory" library="SeleniumLibrary">
<arg>${EXECDIR}$(/)screeshot</arg>
<doc>Sets the directory for captured screenshots.</doc>
<status status="PASS" starttime="20220510 12:14:41.791" endtime="20220510 12:14:41.791"/>
</kw>
<kw name="Go To" library="SeleniumLibrary">
<arg>url=${URL}</arg>
<doc>Navigates the current browser window to the provided ``url``.</doc>
<msg timestamp="20220510 12:14:41.791" level="INFO">Opening url 'https://opensource-demo.orangehrmlive.com/'</msg>
<status status="PASS" starttime="20220510 12:14:41.791" endtime="20220510 12:14:51.414"/>
</kw>
<status status="PASS" starttime="20220510 12:14:39.577" endtime="20220510 12:14:51.415"/>
</kw>
<kw name="valid Credential Template">
<arg>Admin</arg>
<arg>admin123</arg>
<arg>My Info</arg>
<kw name="Input Text" library="SeleniumLibrary">
<arg>id=txtUsername</arg>
<arg>${username}</arg>
<doc>Types the given ``text`` into the text field identified by ``locator``.</doc>
<msg timestamp="20220510 12:14:51.416" level="INFO">Typing text 'Admin' into text field 'id=txtUsername'.</msg>
<status status="PASS" starttime="20220510 12:14:51.416" endtime="20220510 12:14:51.496"/>
</kw>
<kw name="Input Text" library="SeleniumLibrary">
<arg>id=txtPassword</arg>
<arg>${password}</arg>
<doc>Types the given ``text`` into the text field identified by ``locator``.</doc>
<msg timestamp="20220510 12:14:51.496" level="INFO">Typing text 'admin123' into text field 'id=txtPassword'.</msg>
<status status="PASS" starttime="20220510 12:14:51.496" endtime="20220510 12:14:51.574"/>
</kw>
<kw name="Click Element" library="SeleniumLibrary">
<arg>id=btnLogin</arg>
<doc>Click the element identified by ``locator``.</doc>
<msg timestamp="20220510 12:14:51.574" level="INFO">Clicking element 'id=btnLogin'.</msg>
<status status="PASS" starttime="20220510 12:14:51.574" endtime="20220510 12:14:53.729"/>
</kw>
<kw name="Page Should Contain" library="SeleniumLibrary">
<arg>${expected_error}</arg>
<doc>Verifies that current page contains ``text``.</doc>
<msg timestamp="20220510 12:15:53.976" level="INFO" html="true">&lt;/td&gt;&lt;/tr&gt;&lt;tr&gt;&lt;td colspan="3"&gt;&lt;a href="../OrangeHR-Automation%24%28/%29screeshot/selenium-screenshot-9.png"&gt;&lt;img src="../OrangeHR-Automation%24%28/%29screeshot/selenium-screenshot-9.png" width="800px"&gt;&lt;/a&gt;</msg>
<msg timestamp="20220510 12:15:53.976" level="FAIL">Page should have contained text 'My Info' but did not.</msg>
<status status="FAIL" starttime="20220510 12:14:53.729" endtime="20220510 12:15:53.976"/>
</kw>
<status status="FAIL" starttime="20220510 12:14:51.415" endtime="20220510 12:15:53.992"/>
</kw>
<kw name="Close Browser" library="SeleniumLibrary" type="TEARDOWN">
<doc>Closes the current browser.</doc>
<status status="PASS" starttime="20220510 12:15:53.992" endtime="20220510 12:15:56.088"/>
</kw>
<status status="FAIL" starttime="20220510 12:14:39.577" endtime="20220510 12:15:56.088">Page should have contained text 'My Info' but did not.</status>
</test>
<test id="s1-t2" name="Tc2" line="11">
<kw name="launch Browser" library="CommonFunctionality" type="SETUP">
<kw name="Append To Environment Variable" library="OperatingSystem">
<arg>path</arg>
<arg>${EXECDIR}${/}driver</arg>
<doc>Appends given ``values`` to environment variable ``name``.</doc>
<msg timestamp="20220510 12:15:56.088" level="INFO">Environment variable 'path' set to value 'C:\Program Files\Common Files\Oracle\Java\javapath;C:\Program Files (x86)\VMware\VMware Workstation\bin\;C:\WINDOWS\system32;C:\WINDOWS;C:\WINDOWS\System32\Wbem;C:\WINDOWS\System32\WindowsPowerShell\v1.0\;C:\WINDOWS\System32\OpenSSH\;C:\Program Files\Git\cmd;C;C;C:\Users\User\OneDrive\Desktop\Python\Scripts\;C:\Users\User\OneDrive\Desktop\Python\;C:\Users\User\AppData\Local\Microsoft\WindowsApps;;C:\Users\User\AppData\Local\Programs\Microsoft VS Code\bin;D:\OrangeHR-Automation\driver;D:\OrangeHR-Automation\driver'.</msg>
<status status="PASS" starttime="20220510 12:15:56.088" endtime="20220510 12:15:56.088"/>
</kw>
<kw name="Open Browser" library="SeleniumLibrary">
<arg>browser=${Browser}</arg>
<doc>Opens a new browser instance to the optional ``url``.</doc>
<msg timestamp="20220510 12:15:56.088" level="INFO">Opening browser 'chrome' to base url 'None'.</msg>
<status status="PASS" starttime="20220510 12:15:56.088" endtime="20220510 12:15:58.653"/>
</kw>
<kw name="Maximize Browser Window" library="SeleniumLibrary">
<doc>Maximizes current browser window.</doc>
<status status="PASS" starttime="20220510 12:15:58.653" endtime="20220510 12:15:58.774"/>
</kw>
<kw name="Set Selenium Implicit Wait" library="SeleniumLibrary">
<arg>30s</arg>
<doc>Sets the implicit wait value used by Selenium.</doc>
<status status="PASS" starttime="20220510 12:15:58.774" endtime="20220510 12:15:58.774"/>
</kw>
<kw name="Set Screenshot Directory" library="SeleniumLibrary">
<arg>${EXECDIR}$(/)screeshot</arg>
<doc>Sets the directory for captured screenshots.</doc>
<status status="PASS" starttime="20220510 12:15:58.774" endtime="20220510 12:15:58.774"/>
</kw>
<kw name="Go To" library="SeleniumLibrary">
<arg>url=${URL}</arg>
<doc>Navigates the current browser window to the provided ``url``.</doc>
<msg timestamp="20220510 12:15:58.774" level="INFO">Opening url 'https://opensource-demo.orangehrmlive.com/'</msg>
<status status="PASS" starttime="20220510 12:15:58.774" endtime="20220510 12:16:05.654"/>
</kw>
<status status="PASS" starttime="20220510 12:15:56.088" endtime="20220510 12:16:05.654"/>
</kw>
<kw name="valid Credential Template">
<arg>Admin</arg>
<arg>admin123</arg>
<arg>Welcome</arg>
<kw name="Input Text" library="SeleniumLibrary">
<arg>id=txtUsername</arg>
<arg>${username}</arg>
<doc>Types the given ``text`` into the text field identified by ``locator``.</doc>
<msg timestamp="20220510 12:16:05.654" level="INFO">Typing text 'Admin' into text field 'id=txtUsername'.</msg>
<status status="PASS" starttime="20220510 12:16:05.654" endtime="20220510 12:16:05.732"/>
</kw>
<kw name="Input Text" library="SeleniumLibrary">
<arg>id=txtPassword</arg>
<arg>${password}</arg>
<doc>Types the given ``text`` into the text field identified by ``locator``.</doc>
<msg timestamp="20220510 12:16:05.732" level="INFO">Typing text 'admin123' into text field 'id=txtPassword'.</msg>
<status status="PASS" starttime="20220510 12:16:05.732" endtime="20220510 12:16:05.810"/>
</kw>
<kw name="Click Element" library="SeleniumLibrary">
<arg>id=btnLogin</arg>
<doc>Click the element identified by ``locator``.</doc>
<msg timestamp="20220510 12:16:05.810" level="INFO">Clicking element 'id=btnLogin'.</msg>
<status status="PASS" starttime="20220510 12:16:05.810" endtime="20220510 12:16:07.320"/>
</kw>
<kw name="Page Should Contain" library="SeleniumLibrary">
<arg>${expected_error}</arg>
<doc>Verifies that current page contains ``text``.</doc>
<msg timestamp="20220510 12:17:07.557" level="INFO" html="true">&lt;/td&gt;&lt;/tr&gt;&lt;tr&gt;&lt;td colspan="3"&gt;&lt;a href="../OrangeHR-Automation%24%28/%29screeshot/selenium-screenshot-10.png"&gt;&lt;img src="../OrangeHR-Automation%24%28/%29screeshot/selenium-screenshot-10.png" width="800px"&gt;&lt;/a&gt;</msg>
<msg timestamp="20220510 12:17:07.557" level="FAIL">Page should have contained text 'Welcome' but did not.</msg>
<status status="FAIL" starttime="20220510 12:16:07.320" endtime="20220510 12:17:07.557"/>
</kw>
<status status="FAIL" starttime="20220510 12:16:05.654" endtime="20220510 12:17:07.557"/>
</kw>
<kw name="Close Browser" library="SeleniumLibrary" type="TEARDOWN">
<doc>Closes the current browser.</doc>
<status status="PASS" starttime="20220510 12:17:07.557" endtime="20220510 12:17:09.698"/>
</kw>
<status status="FAIL" starttime="20220510 12:15:56.088" endtime="20220510 12:17:09.698">Page should have contained text 'Welcome' but did not.</status>
</test>
<test id="s1-t3" name="Tc3" line="12">
<kw name="launch Browser" library="CommonFunctionality" type="SETUP">
<kw name="Append To Environment Variable" library="OperatingSystem">
<arg>path</arg>
<arg>${EXECDIR}${/}driver</arg>
<doc>Appends given ``values`` to environment variable ``name``.</doc>
<msg timestamp="20220510 12:17:09.698" level="INFO">Environment variable 'path' set to value 'C:\Program Files\Common Files\Oracle\Java\javapath;C:\Program Files (x86)\VMware\VMware Workstation\bin\;C:\WINDOWS\system32;C:\WINDOWS;C:\WINDOWS\System32\Wbem;C:\WINDOWS\System32\WindowsPowerShell\v1.0\;C:\WINDOWS\System32\OpenSSH\;C:\Program Files\Git\cmd;C;C;C:\Users\User\OneDrive\Desktop\Python\Scripts\;C:\Users\User\OneDrive\Desktop\Python\;C:\Users\User\AppData\Local\Microsoft\WindowsApps;;C:\Users\User\AppData\Local\Programs\Microsoft VS Code\bin;D:\OrangeHR-Automation\driver;D:\OrangeHR-Automation\driver;D:\OrangeHR-Automation\driver'.</msg>
<status status="PASS" starttime="20220510 12:17:09.698" endtime="20220510 12:17:09.698"/>
</kw>
<kw name="Open Browser" library="SeleniumLibrary">
<arg>browser=${Browser}</arg>
<doc>Opens a new browser instance to the optional ``url``.</doc>
<msg timestamp="20220510 12:17:09.698" level="INFO">Opening browser 'chrome' to base url 'None'.</msg>
<status status="PASS" starttime="20220510 12:17:09.698" endtime="20220510 12:17:11.773"/>
</kw>
<kw name="Maximize Browser Window" library="SeleniumLibrary">
<doc>Maximizes current browser window.</doc>
<status status="PASS" starttime="20220510 12:17:11.773" endtime="20220510 12:17:11.892"/>
</kw>
<kw name="Set Selenium Implicit Wait" library="SeleniumLibrary">
<arg>30s</arg>
<doc>Sets the implicit wait value used by Selenium.</doc>
<status status="PASS" starttime="20220510 12:17:11.892" endtime="20220510 12:17:11.892"/>
</kw>
<kw name="Set Screenshot Directory" library="SeleniumLibrary">
<arg>${EXECDIR}$(/)screeshot</arg>
<doc>Sets the directory for captured screenshots.</doc>
<status status="PASS" starttime="20220510 12:17:11.892" endtime="20220510 12:17:11.892"/>
</kw>
<kw name="Go To" library="SeleniumLibrary">
<arg>url=${URL}</arg>
<doc>Navigates the current browser window to the provided ``url``.</doc>
<msg timestamp="20220510 12:17:11.892" level="INFO">Opening url 'https://opensource-demo.orangehrmlive.com/'</msg>
<status status="PASS" starttime="20220510 12:17:11.892" endtime="20220510 12:17:30.681"/>
</kw>
<status status="PASS" starttime="20220510 12:17:09.698" endtime="20220510 12:17:30.681"/>
</kw>
<kw name="valid Credential Template">
<arg>Admin</arg>
<arg>admin123</arg>
<arg>Admin</arg>
<kw name="Input Text" library="SeleniumLibrary">
<arg>id=txtUsername</arg>
<arg>${username}</arg>
<doc>Types the given ``text`` into the text field identified by ``locator``.</doc>
<msg timestamp="20220510 12:17:30.683" level="INFO">Typing text 'Admin' into text field 'id=txtUsername'.</msg>
<status status="PASS" starttime="20220510 12:17:30.683" endtime="20220510 12:17:30.754"/>
</kw>
<kw name="Input Text" library="SeleniumLibrary">
<arg>id=txtPassword</arg>
<arg>${password}</arg>
<doc>Types the given ``text`` into the text field identified by ``locator``.</doc>
<msg timestamp="20220510 12:17:30.754" level="INFO">Typing text 'admin123' into text field 'id=txtPassword'.</msg>
<status status="PASS" starttime="20220510 12:17:30.754" endtime="20220510 12:17:30.832"/>
</kw>
<kw name="Click Element" library="SeleniumLibrary">
<arg>id=btnLogin</arg>
<doc>Click the element identified by ``locator``.</doc>
<msg timestamp="20220510 12:17:30.832" level="INFO">Clicking element 'id=btnLogin'.</msg>
<status status="PASS" starttime="20220510 12:17:30.832" endtime="20220510 12:17:33.984"/>
</kw>
<kw name="Page Should Contain" library="SeleniumLibrary">
<arg>${expected_error}</arg>
<doc>Verifies that current page contains ``text``.</doc>
<msg timestamp="20220510 12:17:33.996" level="INFO">Current page contains text 'Admin'.</msg>
<status status="PASS" starttime="20220510 12:17:33.984" endtime="20220510 12:17:33.996"/>
</kw>
<status status="PASS" starttime="20220510 12:17:30.682" endtime="20220510 12:17:33.996"/>
</kw>
<kw name="Close Browser" library="SeleniumLibrary" type="TEARDOWN">
<doc>Closes the current browser.</doc>
<status status="PASS" starttime="20220510 12:17:33.996" endtime="20220510 12:17:36.090"/>
</kw>
<status status="PASS" starttime="20220510 12:17:09.698" endtime="20220510 12:17:36.090"/>
</test>
<doc>thise suite will handle valid credential</doc>
<status status="FAIL" starttime="20220510 12:14:38.593" endtime="20220510 12:17:36.090"/>
</suite>
<statistics>
<total>
<stat pass="1" fail="2" skip="0">All Tests</stat>
</total>
<tag>
</tag>
<suite>
<stat pass="1" fail="2" skip="0" id="s1" name="Verify Valid Credential Suite">Verify Valid Credential Suite</stat>
</suite>
</statistics>
<errors>
<msg timestamp="20220510 12:14:39.577" level="ERROR">[ DataDriver ] Error in robot file:
  File "D:\OrangeHR-Automation\LoginSuite\verify_valid_credential_suite.robot", line 0</msg>
<msg timestamp="20220510 12:14:39.577" level="ERROR">In source file:
  File "D:\OrangeHR-Automation\LoginSuite\../test_data/ValidCredential.xlsx", line 0</msg>
<msg timestamp="20220510 12:14:39.577" level="ERROR">Calling method '_start_suite' of listener 'DataDriver' failed: ValueError: Worksheet named 'valid Credential' not found</msg>
</errors>
</robot>
